<?xml version="1.0" encoding="UTF-8"?>
<testng-results ignored="0" total="1" passed="1" failed="0" skipped="0">
  <reporter-output>
  </reporter-output>
  <suite started-at="2024-03-28T22:33:43 IST" name="Default suite" finished-at="2024-03-28T22:33:46 IST" duration-ms="3274">
    <groups>
    </groups>
    <test started-at="2024-03-28T22:33:43 IST" name="Default test" finished-at="2024-03-28T22:33:46 IST" duration-ms="3274">
      <class name="Pageobject.Loginpagetestcases">
        <test-method is-config="true" signature="launchbrowser()[pri:0, instance:Pageobject.Loginpagetestcases@710c2b53]" started-at="2024-03-28T22:33:43 IST" name="launchbrowser" finished-at="2024-03-28T22:33:46 IST" duration-ms="3189" status="PASS">
          <reporter-output>
          </reporter-output>
        </test-method> <!-- launchbrowser -->
        <test-method signature="login()[pri:0, instance:Pageobject.Loginpagetestcases@710c2b53]" started-at="2024-03-28T22:33:46 IST" name="login" finished-at="2024-03-28T22:33:46 IST" duration-ms="57" status="PASS">
          <reporter-output>
          </reporter-output>
        </test-method> <!-- login -->
      </class> <!-- Pageobject.Loginpagetestcases -->
    </test> <!-- Default test -->
  </suite> <!-- Default suite -->
</testng-results>
